#-----------------------------------------------------------
# Vivado v2023.2 (64-bit)
# SW Build 4029153 on Fri Oct 13 20:14:34 MDT 2023
# IP Build 4028589 on Sat Oct 14 00:45:43 MDT 2023
# SharedData Build 4025554 on Tue Oct 10 17:18:54 MDT 2023
# Start of session at: Thu May 30 10:24:11 2024
# Process ID: 41568
# Current directory: C:/Users/Harsha B J/Desktop/AMD Vivado/Projects/Vivado/AES_Encryption
# Command line: vivado.exe -gui_launcher_event rodinguilauncherevent15988 C:\Users\Harsha B J\Desktop\AMD Vivado\Projects\Vivado\AES_Encryption\AES_Encryption.xpr
# Log file: C:/Users/Harsha B J/Desktop/AMD Vivado/Projects/Vivado/AES_Encryption/vivado.log
# Journal file: C:/Users/Harsha B J/Desktop/AMD Vivado/Projects/Vivado/AES_Encryption\vivado.jou
# Running On: HARSHA-2003, OS: Windows, CPU Frequency: 3302 MHz, CPU Physical cores: 4, Host memory: 16952 MB
#-----------------------------------------------------------
start_gui
open_project {C:/Users/Harsha B J/Desktop/AMD Vivado/Projects/Vivado/AES_Encryption/AES_Encryption.xpr}
WARNING: [Board 49-91] Board repository path 'C:/Users/Harsha' does not exist, it will not be used to search board files.
WARNING: [Board 49-91] Board repository path 'C:/Users/Harsha' does not exist, it will not be used to search board files.
WARNING: [Board 49-91] Board repository path 'B' does not exist, it will not be used to search board files.
WARNING: [Board 49-91] Board repository path 'B' does not exist, it will not be used to search board files.
WARNING: [Board 49-91] Board repository path 'J/AppData/Roaming/Xilinx/Vivado/2023.2/xhub/board_store/xilinx_board_store' does not exist, it will not be used to search board files.
WARNING: [Board 49-91] Board repository path 'J/AppData/Roaming/Xilinx/Vivado/2023.2/xhub/board_store/xilinx_board_store' does not exist, it will not be used to search board files.
WARNING: [Board 49-91] Board repository path 'C:/Users/Harsha' does not exist, it will not be used to search board files.
WARNING: [Board 49-91] Board repository path 'C:/Users/Harsha' does not exist, it will not be used to search board files.
WARNING: [Board 49-91] Board repository path 'C:/Users/Harsha' does not exist, it will not be used to search board files.
WARNING: [Board 49-91] Board repository path 'C:/Users/Harsha' does not exist, it will not be used to search board files.
WARNING: [Board 49-91] Board repository path 'B' does not exist, it will not be used to search board files.
WARNING: [Board 49-91] Board repository path 'B' does not exist, it will not be used to search board files.
WARNING: [Board 49-91] Board repository path 'J/AppData/Roaming/Xilinx/Vivado/B' does not exist, it will not be used to search board files.
WARNING: [Board 49-91] Board repository path 'J/AppData/Roaming/Xilinx/Vivado/B' does not exist, it will not be used to search board files.
WARNING: [Board 49-91] Board repository path 'C:/Users/Harsha' does not exist, it will not be used to search board files.
WARNING: [Board 49-91] Board repository path 'C:/Users/Harsha' does not exist, it will not be used to search board files.
WARNING: [Board 49-91] Board repository path 'B' does not exist, it will not be used to search board files.
WARNING: [Board 49-91] Board repository path 'B' does not exist, it will not be used to search board files.
WARNING: [Board 49-91] Board repository path 'J/AppData/Roaming/Xilinx/Vivado/J/AppData/Roaming/Xilinx/Vivado/2023.2/xhub/board_store/xilinx_board_store' does not exist, it will not be used to search board files.
WARNING: [Board 49-91] Board repository path 'J/AppData/Roaming/Xilinx/Vivado/J/AppData/Roaming/Xilinx/Vivado/2023.2/xhub/board_store/xilinx_board_store' does not exist, it will not be used to search board files.
WARNING: [Board 49-91] Board repository path 'c:/Users/Harsha' does not exist, it will not be used to search board files.
WARNING: [Board 49-91] Board repository path 'c:/Users/Harsha' does not exist, it will not be used to search board files.
WARNING: [Board 49-91] Board repository path 'C:/AMD_Vivado/Vivado_Projects/Floating' does not exist, it will not be used to search board files.
WARNING: [Board 49-91] Board repository path 'C:/AMD_Vivado/Vivado_Projects/Floating' does not exist, it will not be used to search board files.
WARNING: [Board 49-91] Board repository path 'C:/AMD_Vivado/Vivado_Projects/Low_power_AAT/B' does not exist, it will not be used to search board files.
WARNING: [Board 49-91] Board repository path 'C:/AMD_Vivado/Vivado_Projects/Low_power_AAT/B' does not exist, it will not be used to search board files.
WARNING: [Board 49-91] Board repository path 'C:/AMD_Vivado/Vivado_Projects/Low_power_AAT/J/AppData/Roaming/Xilinx/Vivado/_Point_Adder/_Point_Adder/B' does not exist, it will not be used to search board files.
WARNING: [Board 49-91] Board repository path 'C:/AMD_Vivado/Vivado_Projects/Low_power_AAT/J/AppData/Roaming/Xilinx/Vivado/_Point_Adder/_Point_Adder/J/AppData/Roaming/Xilinx/Vivado/B' does not exist, it will not be used to search board files.
WARNING: [Board 49-91] Board repository path 'C:/AMD_Vivado/Vivado_Projects/Low_power_AAT/J/AppData/Roaming/Xilinx/Vivado/_Point_Adder/_Point_Adder/B' does not exist, it will not be used to search board files.
WARNING: [Board 49-91] Board repository path 'C:/AMD_Vivado/Vivado_Projects/Low_power_AAT/J/AppData/Roaming/Xilinx/Vivado/_Point_Adder/_Point_Adder/J/AppData/Roaming/Xilinx/Vivado/J/Desktop/Signachip/Floating' does not exist, it will not be used to search board files.
WARNING: [Board 49-91] Board repository path 'C:/AMD_Vivado/Vivado_Projects/Low_power_AAT/J/AppData/Roaming/Xilinx/Vivado/_Point_Adder/_Point_Adder/J/AppData/Roaming/Xilinx/Vivado/B' does not exist, it will not be used to search board files.
WARNING: [Board 49-91] Board repository path 'C:/AMD_Vivado/Vivado_Projects/Low_power_AAT/J/AppData/Roaming/Xilinx/Vivado/_Point_Adder/_Point_Adder/J/AppData/Roaming/Xilinx/Vivado/Point' does not exist, it will not be used to search board files.
WARNING: [Board 49-91] Board repository path 'C:/AMD_Vivado/Vivado_Projects/Low_power_AAT/J/AppData/Roaming/Xilinx/Vivado/_Point_Adder/_Point_Adder/J/AppData/Roaming/Xilinx/Vivado/J/Desktop/Signachip/Floating' does not exist, it will not be used to search board files.
WARNING: [Board 49-91] Board repository path 'C:/AMD_Vivado/Vivado_Projects/Low_power_AAT/J/AppData/Roaming/Xilinx/Vivado/_Point_Adder/_Point_Adder/J/AppData/Roaming/Xilinx/Vivado/Multiplier/B' does not exist, it will not be used to search board files.
WARNING: [Board 49-91] Board repository path 'C:/AMD_Vivado/Vivado_Projects/Low_power_AAT/J/AppData/Roaming/Xilinx/Vivado/_Point_Adder/_Point_Adder/J/AppData/Roaming/Xilinx/Vivado/Multiplier/J/Desktop/Signachip/FPM' does not exist, it will not be used to search board files.
WARNING: [Board 49-91] Board repository path 'C:/AMD_Vivado/Vivado_Projects/Low_power_AAT/J/AppData/Roaming/Xilinx/Vivado/_Point_Adder/_Point_Adder/J/AppData/Roaming/Xilinx/Vivado/Point' does not exist, it will not be used to search board files.
WARNING: [Board 49-91] Board repository path 'C:/AMD_Vivado/Vivado_Projects/Low_power_AAT/J/AppData/Roaming/Xilinx/Vivado/_Point_Adder/_Point_Adder/J/AppData/Roaming/Xilinx/Vivado/Multiplier/2/B' does not exist, it will not be used to search board files.
WARNING: [Board 49-91] Board repository path 'C:/AMD_Vivado/Vivado_Projects/Low_power_AAT/J/AppData/Roaming/Xilinx/Vivado/_Point_Adder/_Point_Adder/J/AppData/Roaming/Xilinx/Vivado/Multiplier/B' does not exist, it will not be used to search board files.
WARNING: [Board 49-91] Board repository path 'C:/AMD_Vivado/Vivado_Projects/Low_power_AAT/J/AppData/Roaming/Xilinx/Vivado/_Point_Adder/_Point_Adder/J/AppData/Roaming/Xilinx/Vivado/Multiplier/2/J/AppData/Roaming/Xilinx/Vivado/B' does not exist, it will not be used to search board files.
WARNING: [Board 49-91] Board repository path 'C:/AMD_Vivado/Vivado_Projects/Low_power_AAT/J/AppData/Roaming/Xilinx/Vivado/_Point_Adder/_Point_Adder/J/AppData/Roaming/Xilinx/Vivado/Multiplier/J/Desktop/Signachip/FPM' does not exist, it will not be used to search board files.
WARNING: [Board 49-91] Board repository path 'C:/AMD_Vivado/Vivado_Projects/Low_power_AAT/J/AppData/Roaming/Xilinx/Vivado/_Point_Adder/_Point_Adder/J/AppData/Roaming/Xilinx/Vivado/Multiplier/2/J/AppData/Roaming/Xilinx/Vivado/J/AppData/Roaming/Xilinx/Vivado/B' does not exist, it will not be used to search board files.
WARNING: [Board 49-91] Board repository path 'C:/AMD_Vivado/Vivado_Projects/Low_power_AAT/J/AppData/Roaming/Xilinx/Vivado/_Point_Adder/_Point_Adder/J/AppData/Roaming/Xilinx/Vivado/Multiplier/2/B' does not exist, it will not be used to search board files.
WARNING: [Board 49-91] Board repository path 'C:/AMD_Vivado/Vivado_Projects/Low_power_AAT/J/AppData/Roaming/Xilinx/Vivado/_Point_Adder/_Point_Adder/J/AppData/Roaming/Xilinx/Vivado/Multiplier/2/J/AppData/Roaming/Xilinx/Vivado/B' does not exist, it will not be used to search board files.
WARNING: [Board 49-91] Board repository path 'C:/AMD_Vivado/Vivado_Projects/Low_power_AAT/J/AppData/Roaming/Xilinx/Vivado/_Point_Adder/_Point_Adder/J/AppData/Roaming/Xilinx/Vivado/Multiplier/2/J/AppData/Roaming/Xilinx/Vivado/J/AppData/Roaming/Xilinx/Vivado/J/AppData/Roaming/Xilinx/Vivado/B' does not exist, it will not be used to search board files.
WARNING: [Board 49-91] Board repository path 'C:/AMD_Vivado/Vivado_Projects/Low_power_AAT/J/AppData/Roaming/Xilinx/Vivado/_Point_Adder/_Point_Adder/J/AppData/Roaming/Xilinx/Vivado/Multiplier/2/J/AppData/Roaming/Xilinx/Vivado/J/AppData/Roaming/Xilinx/Vivado/B' does not exist, it will not be used to search board files.
WARNING: [Board 49-91] Board repository path 'C:/AMD_Vivado/Vivado_Projects/Low_power_AAT/J/AppData/Roaming/Xilinx/Vivado/_Point_Adder/_Point_Adder/J/AppData/Roaming/Xilinx/Vivado/Multiplier/2/J/AppData/Roaming/Xilinx/Vivado/J/AppData/Roaming/Xilinx/Vivado/J/AppData/Roaming/Xilinx/Vivado/J/AppData/Roaming/Xilinx/Vivado/B' does not exist, it will not be used to search board files.
WARNING: [Board 49-91] Board repository path 'C:/AMD_Vivado/Vivado_Projects/Low_power_AAT/J/AppData/Roaming/Xilinx/Vivado/_Point_Adder/_Point_Adder/J/AppData/Roaming/Xilinx/Vivado/Multiplier/2/J/AppData/Roaming/Xilinx/Vivado/J/AppData/Roaming/Xilinx/Vivado/J/AppData/Roaming/Xilinx/Vivado/J/AppData/Roaming/Xilinx/Vivado/J/AppData/Roaming/Xilinx/Vivado/B' does not exist, it will not be used to search board files.
WARNING: [Board 49-91] Board repository path 'C:/AMD_Vivado/Vivado_Projects/Low_power_AAT/J/AppData/Roaming/Xilinx/Vivado/_Point_Adder/_Point_Adder/J/AppData/Roaming/Xilinx/Vivado/Multiplier/2/J/AppData/Roaming/Xilinx/Vivado/J/AppData/Roaming/Xilinx/Vivado/J/AppData/Roaming/Xilinx/Vivado/B' does not exist, it will not be used to search board files.
WARNING: [Board 49-91] Board repository path 'C:/AMD_Vivado/Vivado_Projects/Low_power_AAT/J/AppData/Roaming/Xilinx/Vivado/_Point_Adder/_Point_Adder/J/AppData/Roaming/Xilinx/Vivado/Multiplier/2/J/AppData/Roaming/Xilinx/Vivado/J/AppData/Roaming/Xilinx/Vivado/J/AppData/Roaming/Xilinx/Vivado/J/AppData/Roaming/Xilinx/Vivado/B' does not exist, it will not be used to search board files.
WARNING: [Board 49-91] Board repository path 'C:/AMD_Vivado/Vivado_Projects/Low_power_AAT/J/AppData/Roaming/Xilinx/Vivado/_Point_Adder/_Point_Adder/J/AppData/Roaming/Xilinx/Vivado/Multiplier/2/J/AppData/Roaming/Xilinx/Vivado/J/AppData/Roaming/Xilinx/Vivado/J/AppData/Roaming/Xilinx/Vivado/J/AppData/Roaming/Xilinx/Vivado/J/AppData/Roaming/Xilinx/Vivado/J/AppData/Roaming/Xilinx/Vivado/B' does not exist, it will not be used to search board files.
WARNING: [Board 49-91] Board repository path 'C:/AMD_Vivado/Vivado_Projects/Low_power_AAT/J/AppData/Roaming/Xilinx/Vivado/_Point_Adder/_Point_Adder/J/AppData/Roaming/Xilinx/Vivado/Multiplier/2/J/AppData/Roaming/Xilinx/Vivado/J/AppData/Roaming/Xilinx/Vivado/J/AppData/Roaming/Xilinx/Vivado/J/AppData/Roaming/Xilinx/Vivado/J/AppData/Roaming/Xilinx/Vivado/B' does not exist, it will not be used to search board files.
WARNING: [Board 49-91] Board repository path 'C:/AMD_Vivado/Vivado_Projects/Low_power_AAT/J/AppData/Roaming/Xilinx/Vivado/_Point_Adder/_Point_Adder/J/AppData/Roaming/Xilinx/Vivado/Multiplier/2/J/AppData/Roaming/Xilinx/Vivado/J/AppData/Roaming/Xilinx/Vivado/J/AppData/Roaming/Xilinx/Vivado/J/AppData/Roaming/Xilinx/Vivado/J/AppData/Roaming/Xilinx/Vivado/J/AppData/Roaming/Xilinx/Vivado/J/AppData/Roaming/Xilinx/Vivado/B' does not exist, it will not be used to search board files.
WARNING: [Board 49-91] Board repository path 'C:/AMD_Vivado/Vivado_Projects/Low_power_AAT/J/AppData/Roaming/Xilinx/Vivado/_Point_Adder/_Point_Adder/J/AppData/Roaming/Xilinx/Vivado/Multiplier/2/J/AppData/Roaming/Xilinx/Vivado/J/AppData/Roaming/Xilinx/Vivado/J/AppData/Roaming/Xilinx/Vivado/J/AppData/Roaming/Xilinx/Vivado/J/AppData/Roaming/Xilinx/Vivado/J/AppData/Roaming/Xilinx/Vivado/B' does not exist, it will not be used to search board files.
WARNING: [Board 49-91] Board repository path 'C:/AMD_Vivado/Vivado_Projects/Low_power_AAT/J/AppData/Roaming/Xilinx/Vivado/_Point_Adder/_Point_Adder/J/AppData/Roaming/Xilinx/Vivado/Multiplier/2/J/AppData/Roaming/Xilinx/Vivado/J/AppData/Roaming/Xilinx/Vivado/J/AppData/Roaming/Xilinx/Vivado/J/AppData/Roaming/Xilinx/Vivado/J/AppData/Roaming/Xilinx/Vivado/J/AppData/Roaming/Xilinx/Vivado/J/AppData/Roaming/Xilinx/Vivado/J/AppData/Roaming/Xilinx/Vivado/B' does not exist, it will not be used to search board files.
WARNING: [Board 49-91] Board repository path 'C:/AMD_Vivado/Vivado_Projects/Low_power_AAT/J/AppData/Roaming/Xilinx/Vivado/_Point_Adder/_Point_Adder/J/AppData/Roaming/Xilinx/Vivado/Multiplier/2/J/AppData/Roaming/Xilinx/Vivado/J/AppData/Roaming/Xilinx/Vivado/J/AppData/Roaming/Xilinx/Vivado/J/AppData/Roaming/Xilinx/Vivado/J/AppData/Roaming/Xilinx/Vivado/J/AppData/Roaming/Xilinx/Vivado/J/AppData/Roaming/Xilinx/Vivado/B' does not exist, it will not be used to search board files.
WARNING: [Board 49-91] Board repository path 'C:/AMD_Vivado/Vivado_Projects/Low_power_AAT/J/AppData/Roaming/Xilinx/Vivado/_Point_Adder/_Point_Adder/J/AppData/Roaming/Xilinx/Vivado/Multiplier/2/J/AppData/Roaming/Xilinx/Vivado/J/AppData/Roaming/Xilinx/Vivado/J/AppData/Roaming/Xilinx/Vivado/J/AppData/Roaming/Xilinx/Vivado/J/AppData/Roaming/Xilinx/Vivado/J/AppData/Roaming/Xilinx/Vivado/J/AppData/Roaming/Xilinx/Vivado/J/AppData/Roaming/Xilinx/Vivado/B' does not exist, it will not be used to search board files.
WARNING: [Board 49-91] Board repository path 'C:/AMD_Vivado/Vivado_Projects/Low_power_AAT/J/AppData/Roaming/Xilinx/Vivado/_Point_Adder/_Point_Adder/J/AppData/Roaming/Xilinx/Vivado/Multiplier/2/J/AppData/Roaming/Xilinx/Vivado/J/AppData/Roaming/Xilinx/Vivado/J/AppData/Roaming/Xilinx/Vivado/J/AppData/Roaming/Xilinx/Vivado/J/AppData/Roaming/Xilinx/Vivado/J/AppData/Roaming/Xilinx/Vivado/J/AppData/Roaming/Xilinx/Vivado/J/AppData/Roaming/Xilinx/Vivado/J/AppData/Roaming/Xilinx/Vivado/B' does not exist, it will not be used to search board files.
WARNING: [Board 49-91] Board repository path 'C:/AMD_Vivado/Vivado_Projects/Low_power_AAT/J/AppData/Roaming/Xilinx/Vivado/_Point_Adder/_Point_Adder/J/AppData/Roaming/Xilinx/Vivado/Multiplier/2/J/AppData/Roaming/Xilinx/Vivado/J/AppData/Roaming/Xilinx/Vivado/J/AppData/Roaming/Xilinx/Vivado/J/AppData/Roaming/Xilinx/Vivado/J/AppData/Roaming/Xilinx/Vivado/J/AppData/Roaming/Xilinx/Vivado/J/AppData/Roaming/Xilinx/Vivado/J/AppData/Roaming/Xilinx/Vivado/J/AppData/Roaming/Xilinx/Vivado/B' does not exist, it will not be used to search board files.
WARNING: [Board 49-91] Board repository path 'C:/AMD_Vivado/Vivado_Projects/Low_power_AAT/J/AppData/Roaming/Xilinx/Vivado/_Point_Adder/_Point_Adder/J/AppData/Roaming/Xilinx/Vivado/Multiplier/2/J/AppData/Roaming/Xilinx/Vivado/J/AppData/Roaming/Xilinx/Vivado/J/AppData/Roaming/Xilinx/Vivado/J/AppData/Roaming/Xilinx/Vivado/J/AppData/Roaming/Xilinx/Vivado/J/AppData/Roaming/Xilinx/Vivado/J/AppData/Roaming/Xilinx/Vivado/J/AppData/Roaming/Xilinx/Vivado/J/AppData/Roaming/Xilinx/Vivado/J/AppData/Roaming/Xilinx/Vivado/B' does not exist, it will not be used to search board files.
WARNING: [Board 49-91] Board repository path 'C:/AMD_Vivado/Vivado_Projects/Low_power_AAT/J/AppData/Roaming/Xilinx/Vivado/_Point_Adder/_Point_Adder/J/AppData/Roaming/Xilinx/Vivado/Multiplier/2/J/AppData/Roaming/Xilinx/Vivado/J/AppData/Roaming/Xilinx/Vivado/J/AppData/Roaming/Xilinx/Vivado/J/AppData/Roaming/Xilinx/Vivado/J/AppData/Roaming/Xilinx/Vivado/J/AppData/Roaming/Xilinx/Vivado/J/AppData/Roaming/Xilinx/Vivado/J/AppData/Roaming/Xilinx/Vivado/J/AppData/Roaming/Xilinx/Vivado/J/AppData/Roaming/Xilinx/Vivado/B' does not exist, it will not be used to search board files.
WARNING: [Board 49-91] Board repository path 'C:/AMD_Vivado/Vivado_Projects/Low_power_AAT/J/AppData/Roaming/Xilinx/Vivado/_Point_Adder/_Point_Adder/J/AppData/Roaming/Xilinx/Vivado/Multiplier/2/J/AppData/Roaming/Xilinx/Vivado/J/AppData/Roaming/Xilinx/Vivado/J/AppData/Roaming/Xilinx/Vivado/J/AppData/Roaming/Xilinx/Vivado/J/AppData/Roaming/Xilinx/Vivado/J/AppData/Roaming/Xilinx/Vivado/J/AppData/Roaming/Xilinx/Vivado/J/AppData/Roaming/Xilinx/Vivado/J/AppData/Roaming/Xilinx/Vivado/J/AppData/Roaming/Xilinx/Vivado/J/AppData/Roaming/Xilinx/Vivado/B' does not exist, it will not be used to search board files.
WARNING: [Board 49-91] Board repository path 'C:/AMD_Vivado/Vivado_Projects/Low_power_AAT/J/AppData/Roaming/Xilinx/Vivado/_Point_Adder/_Point_Adder/J/AppData/Roaming/Xilinx/Vivado/Multiplier/2/J/AppData/Roaming/Xilinx/Vivado/J/AppData/Roaming/Xilinx/Vivado/J/AppData/Roaming/Xilinx/Vivado/J/AppData/Roaming/Xilinx/Vivado/J/AppData/Roaming/Xilinx/Vivado/J/AppData/Roaming/Xilinx/Vivado/J/AppData/Roaming/Xilinx/Vivado/J/AppData/Roaming/Xilinx/Vivado/J/AppData/Roaming/Xilinx/Vivado/J/AppData/Roaming/Xilinx/Vivado/J/AppData/Roaming/Xilinx/Vivado/B' does not exist, it will not be used to search board files.
WARNING: [Board 49-91] Board repository path 'C:/AMD_Vivado/Vivado_Projects/Low_power_AAT/J/AppData/Roaming/Xilinx/Vivado/_Point_Adder/_Point_Adder/J/AppData/Roaming/Xilinx/Vivado/Multiplier/2/J/AppData/Roaming/Xilinx/Vivado/J/AppData/Roaming/Xilinx/Vivado/J/AppData/Roaming/Xilinx/Vivado/J/AppData/Roaming/Xilinx/Vivado/J/AppData/Roaming/Xilinx/Vivado/J/AppData/Roaming/Xilinx/Vivado/J/AppData/Roaming/Xilinx/Vivado/J/AppData/Roaming/Xilinx/Vivado/J/AppData/Roaming/Xilinx/Vivado/J/AppData/Roaming/Xilinx/Vivado/J/AppData/Roaming/Xilinx/Vivado/J/AppData/Roaming/Xilinx/Vivado/B' does not exist, it will not be used to search board files.
WARNING: [Board 49-91] Board repository path 'C:/AMD_Vivado/Vivado_Projects/Low_power_AAT/J/AppData/Roaming/Xilinx/Vivado/_Point_Adder/_Point_Adder/J/AppData/Roaming/Xilinx/Vivado/Multiplier/2/J/AppData/Roaming/Xilinx/Vivado/J/AppData/Roaming/Xilinx/Vivado/J/AppData/Roaming/Xilinx/Vivado/J/AppData/Roaming/Xilinx/Vivado/J/AppData/Roaming/Xilinx/Vivado/J/AppData/Roaming/Xilinx/Vivado/J/AppData/Roaming/Xilinx/Vivado/J/AppData/Roaming/Xilinx/Vivado/J/AppData/Roaming/Xilinx/Vivado/J/AppData/Roaming/Xilinx/Vivado/J/AppData/Roaming/Xilinx/Vivado/J/AppData/Roaming/Xilinx/Vivado/B' does not exist, it will not be used to search board files.
WARNING: [Board 49-91] Board repository path 'C:/AMD_Vivado/Vivado_Projects/Low_power_AAT/J/AppData/Roaming/Xilinx/Vivado/_Point_Adder/_Point_Adder/J/AppData/Roaming/Xilinx/Vivado/Multiplier/2/J/AppData/Roaming/Xilinx/Vivado/J/AppData/Roaming/Xilinx/Vivado/J/AppData/Roaming/Xilinx/Vivado/J/AppData/Roaming/Xilinx/Vivado/J/AppData/Roaming/Xilinx/Vivado/J/AppData/Roaming/Xilinx/Vivado/J/AppData/Roaming/Xilinx/Vivado/J/AppData/Roaming/Xilinx/Vivado/J/AppData/Roaming/Xilinx/Vivado/J/AppData/Roaming/Xilinx/Vivado/J/AppData/Roaming/Xilinx/Vivado/J/AppData/Roaming/Xilinx/Vivado/J/AppData/Roaming/Xilinx/Vivado/B' does not exist, it will not be used to search board files.
WARNING: [Board 49-91] Board repository path 'C:/AMD_Vivado/Vivado_Projects/Low_power_AAT/J/AppData/Roaming/Xilinx/Vivado/_Point_Adder/_Point_Adder/J/AppData/Roaming/Xilinx/Vivado/Multiplier/2/J/AppData/Roaming/Xilinx/Vivado/J/AppData/Roaming/Xilinx/Vivado/J/AppData/Roaming/Xilinx/Vivado/J/AppData/Roaming/Xilinx/Vivado/J/AppData/Roaming/Xilinx/Vivado/J/AppData/Roaming/Xilinx/Vivado/J/AppData/Roaming/Xilinx/Vivado/J/AppData/Roaming/Xilinx/Vivado/J/AppData/Roaming/Xilinx/Vivado/J/AppData/Roaming/Xilinx/Vivado/J/AppData/Roaming/Xilinx/Vivado/J/AppData/Roaming/Xilinx/Vivado/J/AppData/Roaming/Xilinx/Vivado/B' does not exist, it will not be used to search board files.
WARNING: [Board 49-91] Board repository path 'C:/AMD_Vivado/Vivado_Projects/Low_power_AAT/J/AppData/Roaming/Xilinx/Vivado/_Point_Adder/_Point_Adder/J/AppData/Roaming/Xilinx/Vivado/Multiplier/2/J/AppData/Roaming/Xilinx/Vivado/J/AppData/Roaming/Xilinx/Vivado/J/AppData/Roaming/Xilinx/Vivado/J/AppData/Roaming/Xilinx/Vivado/J/AppData/Roaming/Xilinx/Vivado/J/AppData/Roaming/Xilinx/Vivado/J/AppData/Roaming/Xilinx/Vivado/J/AppData/Roaming/Xilinx/Vivado/J/AppData/Roaming/Xilinx/Vivado/J/AppData/Roaming/Xilinx/Vivado/J/AppData/Roaming/Xilinx/Vivado/J/AppData/Roaming/Xilinx/Vivado/J/AppData/Roaming/Xilinx/Vivado/J/AppData/Roaming/Xilinx/Vivado/2023.2/xhub/board_store/xilinx_board_store' does not exist, it will not be used to search board files.
WARNING: [Board 49-91] Board repository path 'C:/AMD_Vivado/Vivado_Projects/Low_power_AAT/J/AppData/Roaming/Xilinx/Vivado/_Point_Adder/_Point_Adder/J/AppData/Roaming/Xilinx/Vivado/Multiplier/2/J/AppData/Roaming/Xilinx/Vivado/J/AppData/Roaming/Xilinx/Vivado/J/AppData/Roaming/Xilinx/Vivado/J/AppData/Roaming/Xilinx/Vivado/J/AppData/Roaming/Xilinx/Vivado/J/AppData/Roaming/Xilinx/Vivado/J/AppData/Roaming/Xilinx/Vivado/J/AppData/Roaming/Xilinx/Vivado/J/AppData/Roaming/Xilinx/Vivado/J/AppData/Roaming/Xilinx/Vivado/J/AppData/Roaming/Xilinx/Vivado/J/AppData/Roaming/Xilinx/Vivado/J/AppData/Roaming/Xilinx/Vivado/J/AppData/Roaming/Xilinx/Vivado/2023.2/xhub/board_store/xilinx_board_store' does not exist, it will not be used to search board files.
WARNING: [Board 49-26] cannot add Board Part xilinx.com:kc705:part0:1.6 available at C:/Xilinx/Vivado/2023.2/data/xhub/boards/XilinxBoardStore/boards/Xilinx/kc705/1.6/board.xml as part xc7k325tffg900-2 specified in board_part file is either invalid or not available
WARNING: [Board 49-26] cannot add Board Part xilinx.com:kcu105:part0:1.6 available at C:/Xilinx/Vivado/2023.2/data/xhub/boards/XilinxBoardStore/boards/Xilinx/kcu105/1.6/board.xml as part xcku040-ffva1156-2-e specified in board_part file is either invalid or not available
WARNING: [Board 49-26] cannot add Board Part xilinx.com:kcu105:part0:1.7 available at C:/Xilinx/Vivado/2023.2/data/xhub/boards/XilinxBoardStore/boards/Xilinx/kcu105/1.7/board.xml as part xcku040-ffva1156-2-e specified in board_part file is either invalid or not available
WARNING: [Board 49-26] cannot add Board Part xilinx.com:kcu1500:part0:1.2 available at C:/Xilinx/Vivado/2023.2/data/xhub/boards/XilinxBoardStore/boards/Xilinx/kcu1500/1.2/board.xml as part xcku115-flvb2104-2-e specified in board_part file is either invalid or not available
WARNING: [Board 49-26] cannot add Board Part xilinx.com:vc707:part0:1.4 available at C:/Xilinx/Vivado/2023.2/data/xhub/boards/XilinxBoardStore/boards/Xilinx/vc707/1.4/board.xml as part xc7vx485tffg1761-2 specified in board_part file is either invalid or not available
WARNING: [Board 49-26] cannot add Board Part xilinx.com:vc709:part0:1.8 available at C:/Xilinx/Vivado/2023.2/data/xhub/boards/XilinxBoardStore/boards/Xilinx/vc709/1.8/board.xml as part xc7vx690tffg1761-2 specified in board_part file is either invalid or not available
WARNING: [Board 49-26] cannot add Board Part xilinx.com:vck190:part0:2.2 available at C:/Xilinx/Vivado/2023.2/data/xhub/boards/XilinxBoardStore/boards/Xilinx/vck190/production/2.2/board.xml as part xcvc1902-vsva2197-2mp-e-s specified in board_part file is either invalid or not available
WARNING: [Board 49-26] cannot add Board Part xilinx.com:vck190:part0:3.0 available at C:/Xilinx/Vivado/2023.2/data/xhub/boards/XilinxBoardStore/boards/Xilinx/vck190/production/3.0/board.xml as part xcvc1902-vsva2197-2mp-e-s specified in board_part file is either invalid or not available
WARNING: [Board 49-26] cannot add Board Part xilinx.com:vck190:part0:3.1 available at C:/Xilinx/Vivado/2023.2/data/xhub/boards/XilinxBoardStore/boards/Xilinx/vck190/production/3.1/board.xml as part xcvc1902-vsva2197-2mp-e-s specified in board_part file is either invalid or not available
WARNING: [Board 49-26] cannot add Board Part xilinx.com:vck190:part0:3.2 available at C:/Xilinx/Vivado/2023.2/data/xhub/boards/XilinxBoardStore/boards/Xilinx/vck190/production/3.2/board.xml as part xcvc1902-vsva2197-2mp-e-s specified in board_part file is either invalid or not available
WARNING: [Board 49-26] cannot add Board Part xilinx.com:vck190_newl:part0:1.0 available at C:/Xilinx/Vivado/2023.2/data/xhub/boards/XilinxBoardStore/boards/Xilinx/vck190_newl/production/1.0/board.xml as part xcvc1902-vsva2197-2mp-e-s specified in board_part file is either invalid or not available
WARNING: [Board 49-26] cannot add Board Part xilinx.com:vck190_newl:part0:1.1 available at C:/Xilinx/Vivado/2023.2/data/xhub/boards/XilinxBoardStore/boards/Xilinx/vck190_newl/production/1.1/board.xml as part xcvc1902-vsva2197-2mp-e-s specified in board_part file is either invalid or not available
WARNING: [Board 49-26] cannot add Board Part xilinx.com:vcu108:part0:1.6 available at C:/Xilinx/Vivado/2023.2/data/xhub/boards/XilinxBoardStore/boards/Xilinx/vcu108/1.6/board.xml as part xcvu095-ffva2104-2-e specified in board_part file is either invalid or not available
WARNING: [Board 49-26] cannot add Board Part xilinx.com:vcu108:part0:1.7 available at C:/Xilinx/Vivado/2023.2/data/xhub/boards/XilinxBoardStore/boards/Xilinx/vcu108/1.7/board.xml as part xcvu095-ffva2104-2-e specified in board_part file is either invalid or not available
WARNING: [Board 49-26] cannot add Board Part xilinx.com:vcu110:part0:1.4 available at C:/Xilinx/Vivado/2023.2/data/xhub/boards/XilinxBoardStore/boards/Xilinx/vcu110/1.4/board.xml as part xcvu190-flgc2104-2-e specified in board_part file is either invalid or not available
WARNING: [Board 49-26] cannot add Board Part xilinx.com:vcu118:part0:2.0 available at C:/Xilinx/Vivado/2023.2/data/xhub/boards/XilinxBoardStore/boards/Xilinx/vcu118/2.0/board.xml as part xcvu9p-flga2104-2l-e specified in board_part file is either invalid or not available
WARNING: [Board 49-26] cannot add Board Part xilinx.com:vcu118:part0:2.3 available at C:/Xilinx/Vivado/2023.2/data/xhub/boards/XilinxBoardStore/boards/Xilinx/vcu118/2.3/board.xml as part xcvu9p-flga2104-2l-e specified in board_part file is either invalid or not available
WARNING: [Board 49-26] cannot add Board Part xilinx.com:vcu118:part0:2.4 available at C:/Xilinx/Vivado/2023.2/data/xhub/boards/XilinxBoardStore/boards/Xilinx/vcu118/2.4/board.xml as part xcvu9p-flga2104-2l-e specified in board_part file is either invalid or not available
WARNING: [Board 49-26] cannot add Board Part xilinx.com:vcu129:part0:1.0 available at C:/Xilinx/Vivado/2023.2/data/xhub/boards/XilinxBoardStore/boards/Xilinx/vcu129/production/1.0/board.xml as part xcvu29p-fsga2577-2l-e specified in board_part file is either invalid or not available
WARNING: [Board 49-26] cannot add Board Part xilinx.com:vcu1525:part0:1.3 available at C:/Xilinx/Vivado/2023.2/data/xhub/boards/XilinxBoardStore/boards/Xilinx/vcu1525/1.3/board.xml as part xcvu9p-fsgd2104-2l-e specified in board_part file is either invalid or not available
WARNING: [Board 49-26] cannot add Board Part xilinx.com:vek280:part0:1.0 available at C:/Xilinx/Vivado/2023.2/data/xhub/boards/XilinxBoardStore/boards/Xilinx/vek280/production/1.0/board.xml as part xcve2802-vsvh1760-2mp-e-s specified in board_part file is either invalid or not available
WARNING: [Board 49-26] cannot add Board Part xilinx.com:vek280_es:part0:1.0 available at C:/Xilinx/Vivado/2023.2/data/xhub/boards/XilinxBoardStore/boards/Xilinx/vek280/es/rev_a/1.0/board.xml as part xcve2802-vsvh1760-2lp-e-s-es1 specified in board_part file is either invalid or not available
WARNING: [Board 49-26] cannot add Board Part xilinx.com:vek280_es:part0:1.1 available at C:/Xilinx/Vivado/2023.2/data/xhub/boards/XilinxBoardStore/boards/Xilinx/vek280/es/rev_a/1.1/board.xml as part xcve2802-vsvh1760-2lp-e-s-es1 specified in board_part file is either invalid or not available
WARNING: [Board 49-26] cannot add Board Part xilinx.com:vek280_es_revb:part0:1.0 available at C:/Xilinx/Vivado/2023.2/data/xhub/boards/XilinxBoardStore/boards/Xilinx/vek280/es/rev_b/1.0/board.xml as part xcve2802-vsvh1760-2mp-e-s-es1 specified in board_part file is either invalid or not available
WARNING: [Board 49-26] cannot add Board Part xilinx.com:vek280_es_revb:part0:1.1 available at C:/Xilinx/Vivado/2023.2/data/xhub/boards/XilinxBoardStore/boards/Xilinx/vek280/es/rev_b/1.1/board.xml as part xcve2802-vsvh1760-2mp-e-s-es1 specified in board_part file is either invalid or not available
WARNING: [Board 49-26] cannot add Board Part xilinx.com:vermeo_t1_mpsoc:part0:1.0 available at C:/Xilinx/Vivado/2023.2/data/xhub/boards/XilinxBoardStore/boards/Xilinx/vermeo_t1_mpsoc/1.0/board.xml as part xczu19eg-ffvd1760-2l-e specified in board_part file is either invalid or not available
WARNING: [Board 49-26] cannot add Board Part xilinx.com:vermeo_t1_rfsoc:part0:1.0 available at C:/Xilinx/Vivado/2023.2/data/xhub/boards/XilinxBoardStore/boards/Xilinx/vermeo_t1_rfsoc/1.0/board.xml as part xczu21dr-ffvd1156-2l-e specified in board_part file is either invalid or not available
WARNING: [Board 49-26] cannot add Board Part xilinx.com:vhk158:part0:1.0 available at C:/Xilinx/Vivado/2023.2/data/xhub/boards/XilinxBoardStore/boards/Xilinx/vhk158/production/1.0/board.xml as part xcvh1582-vsva3697-2mp-e-s specified in board_part file is either invalid or not available
WARNING: [Board 49-26] cannot add Board Part xilinx.com:vhk158:part0:1.1 available at C:/Xilinx/Vivado/2023.2/data/xhub/boards/XilinxBoardStore/boards/Xilinx/vhk158/production/1.1/board.xml as part xcvh1582-vsva3697-2mp-e-s specified in board_part file is either invalid or not available
WARNING: [Board 49-26] cannot add Board Part xilinx.com:vhk158_es:part0:1.0 available at C:/Xilinx/Vivado/2023.2/data/xhub/boards/XilinxBoardStore/boards/Xilinx/vhk158/es/1.0/board.xml as part xcvh1582-vsva3697-2mp-e-s-es1 specified in board_part file is either invalid or not available
WARNING: [Board 49-26] cannot add Board Part xilinx.com:vhk158_es:part0:1.1 available at C:/Xilinx/Vivado/2023.2/data/xhub/boards/XilinxBoardStore/boards/Xilinx/vhk158/es/1.1/board.xml as part xcvh1582-vsva3697-2mp-e-s-es1 specified in board_part file is either invalid or not available
WARNING: [Board 49-26] cannot add Board Part xilinx.com:vmk180:part0:2.2 available at C:/Xilinx/Vivado/2023.2/data/xhub/boards/XilinxBoardStore/boards/Xilinx/vmk180/production/2.2/board.xml as part xcvm1802-vsva2197-2mp-e-s specified in board_part file is either invalid or not available
WARNING: [Board 49-26] cannot add Board Part xilinx.com:vmk180:part0:3.0 available at C:/Xilinx/Vivado/2023.2/data/xhub/boards/XilinxBoardStore/boards/Xilinx/vmk180/production/3.0/board.xml as part xcvm1802-vsva2197-2mp-e-s specified in board_part file is either invalid or not available
WARNING: [Board 49-26] cannot add Board Part xilinx.com:vmk180:part0:3.1 available at C:/Xilinx/Vivado/2023.2/data/xhub/boards/XilinxBoardStore/boards/Xilinx/vmk180/production/3.1/board.xml as part xcvm1802-vsva2197-2mp-e-s specified in board_part file is either invalid or not available
WARNING: [Board 49-26] cannot add Board Part xilinx.com:vmk180:part0:3.2 available at C:/Xilinx/Vivado/2023.2/data/xhub/boards/XilinxBoardStore/boards/Xilinx/vmk180/production/3.2/board.xml as part xcvm1802-vsva2197-2mp-e-s specified in board_part file is either invalid or not available
WARNING: [Board 49-26] cannot add Board Part xilinx.com:vmk180_newl:part0:1.0 available at C:/Xilinx/Vivado/2023.2/data/xhub/boards/XilinxBoardStore/boards/Xilinx/vmk180_newl/production/1.0/board.xml as part xcvm1802-vsva2197-2mp-e-s specified in board_part file is either invalid or not available
WARNING: [Board 49-26] cannot add Board Part xilinx.com:vmk180_newl:part0:1.1 available at C:/Xilinx/Vivado/2023.2/data/xhub/boards/XilinxBoardStore/boards/Xilinx/vmk180_newl/production/1.1/board.xml as part xcvm1802-vsva2197-2mp-e-s specified in board_part file is either invalid or not available
WARNING: [Board 49-26] cannot add Board Part xilinx.com:vpk120:part0:1.0 available at C:/Xilinx/Vivado/2023.2/data/xhub/boards/XilinxBoardStore/boards/Xilinx/vpk120/production/1.0/board.xml as part xcvp1202-vsva2785-2mp-e-s specified in board_part file is either invalid or not available
WARNING: [Board 49-26] cannot add Board Part xilinx.com:vpk120:part0:1.1 available at C:/Xilinx/Vivado/2023.2/data/xhub/boards/XilinxBoardStore/boards/Xilinx/vpk120/production/1.1/board.xml as part xcvp1202-vsva2785-2mp-e-s specified in board_part file is either invalid or not available
WARNING: [Board 49-26] cannot add Board Part xilinx.com:vpk120:part0:1.2 available at C:/Xilinx/Vivado/2023.2/data/xhub/boards/XilinxBoardStore/boards/Xilinx/vpk120/production/1.2/board.xml as part xcvp1202-vsva2785-2mp-e-s specified in board_part file is either invalid or not available
WARNING: [Board 49-26] cannot add Board Part xilinx.com:vpk180:part0:1.0 available at C:/Xilinx/Vivado/2023.2/data/xhub/boards/XilinxBoardStore/boards/Xilinx/vpk180/production/1.0/board.xml as part xcvp1802-lsvc4072-2mp-e-s specified in board_part file is either invalid or not available
WARNING: [Board 49-26] cannot add Board Part xilinx.com:vpk180:part0:1.1 available at C:/Xilinx/Vivado/2023.2/data/xhub/boards/XilinxBoardStore/boards/Xilinx/vpk180/production/1.1/board.xml as part xcvp1802-lsvc4072-2mp-e-s specified in board_part file is either invalid or not available
WARNING: [Board 49-26] cannot add Board Part xilinx.com:zc706:part0:1.4 available at C:/Xilinx/Vivado/2023.2/data/xhub/boards/XilinxBoardStore/boards/Xilinx/zc706/1.4/board.xml as part xc7z045ffg900-2 specified in board_part file is either invalid or not available
WARNING: [Board 49-26] cannot add Board Part xilinx.com:zcu102:part0:3.3 available at C:/Xilinx/Vivado/2023.2/data/xhub/boards/XilinxBoardStore/boards/Xilinx/zcu102/3.3/board.xml as part xczu9eg-ffvb1156-2-e specified in board_part file is either invalid or not available
WARNING: [Board 49-26] cannot add Board Part xilinx.com:zcu102:part0:3.4 available at C:/Xilinx/Vivado/2023.2/data/xhub/boards/XilinxBoardStore/boards/Xilinx/zcu102/3.4/board.xml as part xczu9eg-ffvb1156-2-e specified in board_part file is either invalid or not available
WARNING: [Board 49-26] cannot add Board Part xilinx.com:zcu111:part0:1.2 available at C:/Xilinx/Vivado/2023.2/data/xhub/boards/XilinxBoardStore/boards/Xilinx/zcu111/1.2/board.xml as part xczu28dr-ffvg1517-2-e specified in board_part file is either invalid or not available
WARNING: [Board 49-26] cannot add Board Part xilinx.com:zcu111:part0:1.3 available at C:/Xilinx/Vivado/2023.2/data/xhub/boards/XilinxBoardStore/boards/Xilinx/zcu111/1.3/board.xml as part xczu28dr-ffvg1517-2-e specified in board_part file is either invalid or not available
WARNING: [Board 49-26] cannot add Board Part xilinx.com:zcu111:part0:1.4 available at C:/Xilinx/Vivado/2023.2/data/xhub/boards/XilinxBoardStore/boards/Xilinx/zcu111/1.4/board.xml as part xczu28dr-ffvg1517-2-e specified in board_part file is either invalid or not available
WARNING: [Board 49-26] cannot add Board Part xilinx.com:zcu1275:part0:1.0 available at C:/Xilinx/Vivado/2023.2/data/xhub/boards/XilinxBoardStore/boards/Xilinx/zcu1275/1.0/board.xml as part xczu29dr-ffvf1760-2-e specified in board_part file is either invalid or not available
WARNING: [Board 49-26] cannot add Board Part xilinx.com:zcu1285:part0:1.0 available at C:/Xilinx/Vivado/2023.2/data/xhub/boards/XilinxBoardStore/boards/Xilinx/zcu1285/1.0/board.xml as part xczu39dr-ffvf1760-2-i specified in board_part file is either invalid or not available
WARNING: [Board 49-26] cannot add Board Part xilinx.com:zcu208:part0:2.0 available at C:/Xilinx/Vivado/2023.2/data/xhub/boards/XilinxBoardStore/boards/Xilinx/zcu208/production/2.0/board.xml as part xczu48dr-fsvg1517-2-e specified in board_part file is either invalid or not available
WARNING: [Board 49-26] cannot add Board Part xilinx.com:zcu208ld:part0:2.0 available at C:/Xilinx/Vivado/2023.2/data/xhub/boards/XilinxBoardStore/boards/Xilinx/zcu208ld/production/2.0/board.xml as part xczu58dr-fsvg1517-2-i specified in board_part file is either invalid or not available
WARNING: [Board 49-26] cannot add Board Part xilinx.com:zcu216:part0:2.0 available at C:/Xilinx/Vivado/2023.2/data/xhub/boards/XilinxBoardStore/boards/Xilinx/zcu216/production/2.0/board.xml as part xczu49dr-ffvf1760-2-e specified in board_part file is either invalid or not available
WARNING: [Board 49-26] cannot add Board Part xilinx.com:zcu216ld:part0:2.0 available at C:/Xilinx/Vivado/2023.2/data/xhub/boards/XilinxBoardStore/boards/Xilinx/zcu216ld/production/2.0/board.xml as part xczu59dr-ffvf1760-2-i specified in board_part file is either invalid or not available
WARNING: [Board 49-26] cannot add Board Part xilinx.com:zcu670:part0:2.0 available at C:/Xilinx/Vivado/2023.2/data/xhub/boards/XilinxBoardStore/boards/Xilinx/zcu670/2.0/board.xml as part xczu67dr-fsve1156-2-i specified in board_part file is either invalid or not available
WARNING: [Board 49-26] cannot add Board Part xilinx.com:zcu670ld:part0:1.0 available at C:/Xilinx/Vivado/2023.2/data/xhub/boards/XilinxBoardStore/boards/Xilinx/zcu670ld/1.0/board.xml as part xczu57dr-fsve1156-2-i specified in board_part file is either invalid or not available
INFO: [Project 1-313] Project file moved from 'C:/Vivado/Projects/AES_Encryption' since last save.
CRITICAL WARNING: [Project 1-311] Could not find the file 'C:/Users/Harsha B J/Desktop/AMD Vivado/Users/Harsha B J/Desktop/Projects/Accelerating_Standard_and_Modified_AES128-main/Baseline-AES/aes_top.v', nor could it be found using path 'C:/Users/Harsha B J/Desktop/Projects/Accelerating_Standard_and_Modified_AES128-main/Baseline-AES/aes_top.v'.
CRITICAL WARNING: [Project 1-311] Could not find the file 'C:/Users/Harsha B J/Desktop/AMD Vivado/Users/Harsha B J/Desktop/Projects/Accelerating_Standard_and_Modified_AES128-main/Baseline-AES/forward_substitution_box.v', nor could it be found using path 'C:/Users/Harsha B J/Desktop/Projects/Accelerating_Standard_and_Modified_AES128-main/Baseline-AES/forward_substitution_box.v'.
CRITICAL WARNING: [Project 1-311] Could not find the file 'C:/Users/Harsha B J/Desktop/AMD Vivado/Users/Harsha B J/Desktop/Projects/Accelerating_Standard_and_Modified_AES128-main/Baseline-AES/generate_key.v', nor could it be found using path 'C:/Users/Harsha B J/Desktop/Projects/Accelerating_Standard_and_Modified_AES128-main/Baseline-AES/generate_key.v'.
CRITICAL WARNING: [Project 1-311] Could not find the file 'C:/Users/Harsha B J/Desktop/AMD Vivado/Users/Harsha B J/Desktop/Projects/Accelerating_Standard_and_Modified_AES128-main/Baseline-AES/last_round.v', nor could it be found using path 'C:/Users/Harsha B J/Desktop/Projects/Accelerating_Standard_and_Modified_AES128-main/Baseline-AES/last_round.v'.
CRITICAL WARNING: [Project 1-311] Could not find the file 'C:/Users/Harsha B J/Desktop/AMD Vivado/Users/Harsha B J/Desktop/Projects/Accelerating_Standard_and_Modified_AES128-main/Baseline-AES/mix_columns.v', nor could it be found using path 'C:/Users/Harsha B J/Desktop/Projects/Accelerating_Standard_and_Modified_AES128-main/Baseline-AES/mix_columns.v'.
CRITICAL WARNING: [Project 1-311] Could not find the file 'C:/Users/Harsha B J/Desktop/AMD Vivado/Users/Harsha B J/Desktop/Projects/Accelerating_Standard_and_Modified_AES128-main/Baseline-AES/round_iteration.v', nor could it be found using path 'C:/Users/Harsha B J/Desktop/Projects/Accelerating_Standard_and_Modified_AES128-main/Baseline-AES/round_iteration.v'.
CRITICAL WARNING: [Project 1-311] Could not find the file 'C:/Users/Harsha B J/Desktop/AMD Vivado/Users/Harsha B J/Desktop/Projects/Accelerating_Standard_and_Modified_AES128-main/Baseline-AES/shift_rows.v', nor could it be found using path 'C:/Users/Harsha B J/Desktop/Projects/Accelerating_Standard_and_Modified_AES128-main/Baseline-AES/shift_rows.v'.
CRITICAL WARNING: [Project 1-311] Could not find the file 'C:/Users/Harsha B J/Desktop/AMD Vivado/Users/Harsha B J/Desktop/Projects/Accelerating_Standard_and_Modified_AES128-main/Baseline-AES/sub_bytes.v', nor could it be found using path 'C:/Users/Harsha B J/Desktop/Projects/Accelerating_Standard_and_Modified_AES128-main/Baseline-AES/sub_bytes.v'.
WARNING: [Project 1-312] File not found as 'C:/Users/Harsha B J/Desktop/AMD Vivado/Users/Harsha B J/AppData/Roaming/Xilinx/ip_repo/component.xml'; using path 'C:/Users/Harsha B J/AppData/Roaming/Xilinx/ip_repo/component.xml' instead.
CRITICAL WARNING: [Project 1-311] Could not find the file 'C:/Users/Harsha B J/Desktop/AMD Vivado/Users/Harsha B J/Desktop/Projects/Accelerating_Standard_and_Modified_AES128-main/Baseline-AES/testbench.v', nor could it be found using path 'C:/Users/Harsha B J/Desktop/Projects/Accelerating_Standard_and_Modified_AES128-main/Baseline-AES/testbench.v'.
Scanning sources...
Finished scanning sources
WARNING: [Project 1-312] File not found as 'C:/Users/Harsha B J/Desktop/AMD Vivado/Users/Harsha B J/AppData/Roaming/Xilinx/ip_repo/component.xml'; using path 'C:/Users/Harsha B J/AppData/Roaming/Xilinx/ip_repo/component.xml' instead.
INFO: [IP_Flow 19-234] Refreshing IP repositories
INFO: [IP_Flow 19-1704] No user IP repositories specified
INFO: [IP_Flow 19-2313] Loaded Vivado IP repository 'C:/Xilinx/Vivado/2023.2/data/ip'.
WARNING: [BD 41-1661] One or more IPs have been locked in the design 'AXI_AES_test.bd'. Please run report_ip_status for more details and recommendations on how to fix this issue.
List of locked IPs:
AXI_AES_test_AES_AXI_NEW_0_1
AXI_AES_test_proc_sys_reset_0_1
AXI_AES_test_processing_system7_0_1

WARNING: [BD 41-1661] One or more IPs have been locked in the design 'test_deign.bd'. Please run report_ip_status for more details and recommendations on how to fix this issue.
List of locked IPs:
test_deign_AES_AXI_NEW_0_0
test_deign_proc_sys_reset_0_0
test_deign_processing_system7_0_0

open_project: Time (s): cpu = 00:00:15 ; elapsed = 00:00:21 . Memory (MB): peak = 1526.055 ; gain = 464.590
update_compile_order -fileset sources_1
add_files -norecurse {{C:/Users/Harsha B J/Desktop/8th Sem Major Project/Projects/src/aes_top.v} {C:/Users/Harsha B J/Desktop/8th Sem Major Project/Projects/src/shift_rows.v} {C:/Users/Harsha B J/Desktop/8th Sem Major Project/Projects/src/round_iteration.v} {C:/Users/Harsha B J/Desktop/8th Sem Major Project/Projects/src/last_round.v} {C:/Users/Harsha B J/Desktop/8th Sem Major Project/Projects/src/mix_columns.v} {C:/Users/Harsha B J/Desktop/8th Sem Major Project/Projects/src/AES_FINAL_TOP.v} {C:/Users/Harsha B J/Desktop/8th Sem Major Project/Projects/src/forward_substitution_box.v} {C:/Users/Harsha B J/Desktop/8th Sem Major Project/Projects/src/generate_key.v} {C:/Users/Harsha B J/Desktop/8th Sem Major Project/Projects/src/sub_bytes.v}}
update_compile_order -fileset sources_1
launch_simulation
Command: launch_simulation 
INFO: [Vivado 12-12493] Simulation top is 'aes_final_top_tb'
WARNING: [Vivado 12-13340] Unable to auto find GCC executables from simulator install path! (path not set)
INFO: [Vivado 12-12490] The selected simulation model for 'AXI_AES_test_AES_AXI_NEW_0_1' IP changed to '' from 'rtl', the simulation run directory will be deleted.
INFO: [Vivado 12-5698] Checking validity of IPs in the design for the 'XSim' simulator...
INFO: [Vivado 12-5682] Launching behavioral simulation in 'C:/Users/Harsha B J/Desktop/AMD Vivado/Projects/Vivado/AES_Encryption/AES_Encryption.sim/sim_1/behav/xsim'
INFO: [Vivado 12-4795] Using compiled simulation libraries for IPs
INFO: [SIM-utils-51] Simulation object is 'sim_1'
INFO: [SIM-utils-72] Using boost library from 'C:/Xilinx/Vivado/2023.2/tps/boost_1_72_0'
INFO: [USF-XSim-7] Finding pre-compiled libraries...
INFO: [USF-XSim-11] File 'C:/Xilinx/Vivado/2023.2/data/xsim/xsim.ini' copied to run dir:'C:/Users/Harsha B J/Desktop/AMD Vivado/Projects/Vivado/AES_Encryption/AES_Encryption.sim/sim_1/behav/xsim'
INFO: [SIM-utils-20] The project contains locked or custom IPs. The pre-compiled version of these IPs will not be referenced and the sources from these IP libraries will be compiled locally.
INFO: [SIM-utils-54] Inspecting design source files for 'aes_final_top_tb' in fileset 'sim_1'...
INFO: [USF-XSim-97] Finding global include files...
INFO: [USF-XSim-98] Fetching design files from 'sim_1'...
INFO: [USF-XSim-2] XSim::Compile design
INFO: [USF-XSim-61] Executing 'COMPILE and ANALYZE' step in 'C:/Users/Harsha B J/Desktop/AMD Vivado/Projects/Vivado/AES_Encryption/AES_Encryption.sim/sim_1/behav/xsim'
"xvlog --incr --relax -L axi_vip_v1_1_15 -L processing_system7_vip_v1_0_17 -L xilinx_vip -prj aes_final_top_tb_vlog.prj"
ECHO is off.
ECHO is off.
INFO: [VRFC 10-2263] Analyzing Verilog file "C:/Users/Harsha B J/Desktop/AMD Vivado/Projects/Vivado/AES_Encryption/AES_Encryption.srcs/sources_1/new/AES_FINAL_TOP.v" into library xil_defaultlib
INFO: [VRFC 10-311] analyzing module aes_final_top
INFO: [VRFC 10-2263] Analyzing Verilog file "C:/Users/Harsha B J/Desktop/8th Sem Major Project/Projects/src/aes_top.v" into library xil_defaultlib
INFO: [VRFC 10-311] analyzing module AES128
INFO: [VRFC 10-2263] Analyzing Verilog file "C:/Users/Harsha B J/Desktop/8th Sem Major Project/Projects/src/forward_substitution_box.v" into library xil_defaultlib
INFO: [VRFC 10-311] analyzing module FORWARD_SUBSTITUTION_BOX
INFO: [VRFC 10-2263] Analyzing Verilog file "C:/Users/Harsha B J/Desktop/8th Sem Major Project/Projects/src/generate_key.v" into library xil_defaultlib
INFO: [VRFC 10-311] analyzing module GENERATE_KEY
INFO: [VRFC 10-2263] Analyzing Verilog file "C:/Users/Harsha B J/Desktop/8th Sem Major Project/Projects/src/last_round.v" into library xil_defaultlib
INFO: [VRFC 10-311] analyzing module LAST_ROUND
INFO: [VRFC 10-2263] Analyzing Verilog file "C:/Users/Harsha B J/Desktop/8th Sem Major Project/Projects/src/mix_columns.v" into library xil_defaultlib
INFO: [VRFC 10-311] analyzing module MIX_COLUMNS
INFO: [VRFC 10-2263] Analyzing Verilog file "C:/Users/Harsha B J/Desktop/8th Sem Major Project/Projects/src/round_iteration.v" into library xil_defaultlib
INFO: [VRFC 10-311] analyzing module ROUND_ITERATION
INFO: [VRFC 10-2263] Analyzing Verilog file "C:/Users/Harsha B J/Desktop/8th Sem Major Project/Projects/src/shift_rows.v" into library xil_defaultlib
INFO: [VRFC 10-311] analyzing module SHIFT_ROWS
INFO: [VRFC 10-2263] Analyzing Verilog file "C:/Users/Harsha B J/Desktop/8th Sem Major Project/Projects/src/sub_bytes.v" into library xil_defaultlib
INFO: [VRFC 10-311] analyzing module SUB_BYTES
INFO: [VRFC 10-2263] Analyzing Verilog file "C:/Users/Harsha B J/Desktop/AMD Vivado/Projects/Vivado/AES_Encryption/AES_Encryption.srcs/sim_1/new/aes_final_top_tb.v" into library xil_defaultlib
INFO: [VRFC 10-311] analyzing module aes_final_top_tb
INFO: [VRFC 10-2263] Analyzing Verilog file "C:/Users/Harsha B J/Desktop/AMD Vivado/Projects/Vivado/AES_Encryption/AES_Encryption.sim/sim_1/behav/xsim/glbl.v" into library xil_defaultlib
INFO: [VRFC 10-311] analyzing module glbl
INFO: [USF-XSim-69] 'compile' step finished in '3' seconds
INFO: [USF-XSim-3] XSim::Elaborate design
INFO: [USF-XSim-61] Executing 'ELABORATE' step in 'C:/Users/Harsha B J/Desktop/AMD Vivado/Projects/Vivado/AES_Encryption/AES_Encryption.sim/sim_1/behav/xsim'
"xelab --incr --debug typical --relax --mt 2 -L xil_defaultlib -L xilinx_vip -L unisims_ver -L unimacro_ver -L secureip -L xpm --snapshot aes_final_top_tb_behav xil_defaultlib.aes_final_top_tb xil_defaultlib.glbl -log elaborate.log"
ECHO is off.
ECHO is off.
Vivado Simulator v2023.2
Copyright 1986-2022 Xilinx, Inc. All Rights Reserved.
Copyright 2022-2023 Advanced Micro Devices, Inc. All Rights Reserved.
Running: C:/Xilinx/Vivado/2023.2/bin/unwrapped/win64.o/xelab.exe --incr --debug typical --relax --mt 2 -L xil_defaultlib -L xilinx_vip -L unisims_ver -L unimacro_ver -L secureip -L xpm --snapshot aes_final_top_tb_behav xil_defaultlib.aes_final_top_tb xil_defaultlib.glbl -log elaborate.log 
Using 2 slave threads.
Starting static elaboration
Pass Through NonSizing Optimizer
Completed static elaboration
Starting simulation data flow analysis
Completed simulation data flow analysis
Time Resolution for simulation is 1ps
Compiling module xil_defaultlib.FORWARD_SUBSTITUTION_BOX
Compiling module xil_defaultlib.GENERATE_KEY
Compiling module xil_defaultlib.SUB_BYTES
Compiling module xil_defaultlib.SHIFT_ROWS
Compiling module xil_defaultlib.MIX_COLUMNS
Compiling module xil_defaultlib.ROUND_ITERATION
Compiling module xil_defaultlib.LAST_ROUND
Compiling module xil_defaultlib.AES128
Compiling module xil_defaultlib.aes_final_top
Compiling module xil_defaultlib.aes_final_top_tb
Compiling module xil_defaultlib.glbl
Built simulation snapshot aes_final_top_tb_behav
run_program: Time (s): cpu = 00:00:00 ; elapsed = 00:00:06 . Memory (MB): peak = 1549.375 ; gain = 0.000
INFO: [USF-XSim-69] 'elaborate' step finished in '6' seconds
INFO: [USF-XSim-4] XSim::Simulate design
INFO: [USF-XSim-61] Executing 'SIMULATE' step in 'C:/Users/Harsha B J/Desktop/AMD Vivado/Projects/Vivado/AES_Encryption/AES_Encryption.sim/sim_1/behav/xsim'
INFO: [USF-XSim-98] *** Running xsim
   with args "aes_final_top_tb_behav -key {Behavioral:sim_1:Functional:aes_final_top_tb} -tclbatch {aes_final_top_tb.tcl} -protoinst "protoinst_files/test_deign.protoinst" -log {simulate.log}"
INFO: [USF-XSim-8] Loading simulator feature
INFO: [Wavedata 42-565] Reading protoinst file protoinst_files/test_deign.protoinst
WARNING: [Wavedata 42-558] Couldn't load one or more protocol instances from protoinst file protoinst_files/test_deign.protoinst for the following reason(s):
There are no instances of module "test_deign" in the design.

Time resolution is 1 ps
source aes_final_top_tb.tcl
# set curr_wave [current_wave_config]
# if { [string length $curr_wave] == 0 } {
#   if { [llength [get_objects]] > 0} {
#     add_wave /
#     set_property needs_save false [current_wave_config]
#   } else {
#      send_msg_id Add_Wave-1 WARNING "No top level signals found. Simulator will start without a wave window. If you want to open a wave window go to 'File->New Waveform Configuration' or type 'create_wave_config' in the TCL console."
#   }
# }
# log_wave -r /
# run 1000ns
$finish called at time : 820 ns : File "C:/Users/Harsha B J/Desktop/AMD Vivado/Projects/Vivado/AES_Encryption/AES_Encryption.srcs/sim_1/new/aes_final_top_tb.v" Line 45
INFO: [USF-XSim-96] XSim completed. Design snapshot 'aes_final_top_tb_behav' loaded.
INFO: [USF-XSim-97] XSim simulation ran for 1000ns
launch_simulation: Time (s): cpu = 00:00:05 ; elapsed = 00:00:16 . Memory (MB): peak = 1592.906 ; gain = 43.531
close_sim
INFO: [Simtcl 6-16] Simulation closed
launch_simulation
Command: launch_simulation 
INFO: [Vivado 12-12493] Simulation top is 'aes_final_top_tb'
WARNING: [Vivado 12-13340] Unable to auto find GCC executables from simulator install path! (path not set)
INFO: [Vivado 12-5698] Checking validity of IPs in the design for the 'XSim' simulator...
INFO: [Vivado 12-5682] Launching behavioral simulation in 'C:/Users/Harsha B J/Desktop/AMD Vivado/Projects/Vivado/AES_Encryption/AES_Encryption.sim/sim_1/behav/xsim'
INFO: [Vivado 12-4795] Using compiled simulation libraries for IPs
INFO: [SIM-utils-51] Simulation object is 'sim_1'
INFO: [SIM-utils-72] Using boost library from 'C:/Xilinx/Vivado/2023.2/tps/boost_1_72_0'
INFO: [USF-XSim-7] Finding pre-compiled libraries...
INFO: [USF-XSim-11] File 'C:/Xilinx/Vivado/2023.2/data/xsim/xsim.ini' copied to run dir:'C:/Users/Harsha B J/Desktop/AMD Vivado/Projects/Vivado/AES_Encryption/AES_Encryption.sim/sim_1/behav/xsim'
INFO: [SIM-utils-20] The project contains locked or custom IPs. The pre-compiled version of these IPs will not be referenced and the sources from these IP libraries will be compiled locally.
INFO: [SIM-utils-54] Inspecting design source files for 'aes_final_top_tb' in fileset 'sim_1'...
INFO: [USF-XSim-97] Finding global include files...
INFO: [USF-XSim-98] Fetching design files from 'sim_1'...
INFO: [USF-XSim-2] XSim::Compile design
INFO: [USF-XSim-61] Executing 'COMPILE and ANALYZE' step in 'C:/Users/Harsha B J/Desktop/AMD Vivado/Projects/Vivado/AES_Encryption/AES_Encryption.sim/sim_1/behav/xsim'
"xvlog --incr --relax -L axi_vip_v1_1_15 -L processing_system7_vip_v1_0_17 -L xilinx_vip -prj aes_final_top_tb_vlog.prj"
ECHO is off.
ECHO is off.
INFO: [USF-XSim-69] 'compile' step finished in '1' seconds
INFO: [USF-XSim-3] XSim::Elaborate design
INFO: [USF-XSim-61] Executing 'ELABORATE' step in 'C:/Users/Harsha B J/Desktop/AMD Vivado/Projects/Vivado/AES_Encryption/AES_Encryption.sim/sim_1/behav/xsim'
"xelab --incr --debug typical --relax --mt 2 -L xil_defaultlib -L xilinx_vip -L unisims_ver -L unimacro_ver -L secureip -L xpm --snapshot aes_final_top_tb_behav xil_defaultlib.aes_final_top_tb xil_defaultlib.glbl -log elaborate.log"
ECHO is off.
ECHO is off.
Vivado Simulator v2023.2
Copyright 1986-2022 Xilinx, Inc. All Rights Reserved.
Copyright 2022-2023 Advanced Micro Devices, Inc. All Rights Reserved.
Running: C:/Xilinx/Vivado/2023.2/bin/unwrapped/win64.o/xelab.exe --incr --debug typical --relax --mt 2 -L xil_defaultlib -L xilinx_vip -L unisims_ver -L unimacro_ver -L secureip -L xpm --snapshot aes_final_top_tb_behav xil_defaultlib.aes_final_top_tb xil_defaultlib.glbl -log elaborate.log 
Using 2 slave threads.
Starting static elaboration
Pass Through NonSizing Optimizer
Completed static elaboration
INFO: [XSIM 43-4323] No Change in HDL. Linking previously generated obj files to create kernel
INFO: [USF-XSim-69] 'elaborate' step finished in '2' seconds
INFO: [USF-XSim-4] XSim::Simulate design
INFO: [USF-XSim-61] Executing 'SIMULATE' step in 'C:/Users/Harsha B J/Desktop/AMD Vivado/Projects/Vivado/AES_Encryption/AES_Encryption.sim/sim_1/behav/xsim'
INFO: [USF-XSim-98] *** Running xsim
   with args "aes_final_top_tb_behav -key {Behavioral:sim_1:Functional:aes_final_top_tb} -tclbatch {aes_final_top_tb.tcl} -protoinst "protoinst_files/test_deign.protoinst" -log {simulate.log}"
INFO: [USF-XSim-8] Loading simulator feature
INFO: [Wavedata 42-565] Reading protoinst file protoinst_files/test_deign.protoinst
WARNING: [Wavedata 42-558] Couldn't load one or more protocol instances from protoinst file protoinst_files/test_deign.protoinst for the following reason(s):
There are no instances of module "test_deign" in the design.

Time resolution is 1 ps
source aes_final_top_tb.tcl
# set curr_wave [current_wave_config]
# if { [string length $curr_wave] == 0 } {
#   if { [llength [get_objects]] > 0} {
#     add_wave /
#     set_property needs_save false [current_wave_config]
#   } else {
#      send_msg_id Add_Wave-1 WARNING "No top level signals found. Simulator will start without a wave window. If you want to open a wave window go to 'File->New Waveform Configuration' or type 'create_wave_config' in the TCL console."
#   }
# }
# log_wave -r /
# run 1000ns
$finish called at time : 820 ns : File "C:/Users/Harsha B J/Desktop/AMD Vivado/Projects/Vivado/AES_Encryption/AES_Encryption.srcs/sim_1/new/aes_final_top_tb.v" Line 45
INFO: [USF-XSim-96] XSim completed. Design snapshot 'aes_final_top_tb_behav' loaded.
INFO: [USF-XSim-97] XSim simulation ran for 1000ns
launch_simulation: Time (s): cpu = 00:00:03 ; elapsed = 00:00:09 . Memory (MB): peak = 1592.906 ; gain = 0.000
close_sim
INFO: [Simtcl 6-16] Simulation closed
exit
INFO: [Common 17-206] Exiting Vivado at Thu May 30 10:39:33 2024...
